app/build/outputs/mapping/release/seeds.txt
com.zezo.music.MediaButtonReceiver
com.zezo.music.MediaButtonReceiver: MediaButtonReceiver()
com.zezo.music.MusicController: int getAudioSessionId()
com.zezo.music.MusicController: int getBufferPercentage()
com.zezo.music.MusicController: int getCurrentPosition()
com.zezo.music.MusicController: int getDuration()
com.zezo.music.MusicController: void setMusicBound(boolean)
com.zezo.music.MusicPlayerActivity
com.zezo.music.MusicPlayerActivity: MusicPlayerActivity()
com.zezo.music.MusicPlayerActivity: void onOpenContextMenu(android.view.View)
com.zezo.music.MusicPlayerActivity: void scrollToCurrent(android.view.View)
com.zezo.music.MusicService
com.zezo.music.MusicService: MusicService()
com.zezo.music.R$anim: int abc_fade_in
com.zezo.music.R$anim: int abc_fade_out
com.zezo.music.R$anim: int abc_grow_fade_in_from_bottom
com.zezo.music.R$anim: int abc_popup_enter
com.zezo.music.R$anim: int abc_popup_exit
com.zezo.music.R$anim: int abc_shrink_fade_out_from_bottom
com.zezo.music.R$anim: int abc_slide_in_bottom
com.zezo.music.R$anim: int abc_slide_in_top
com.zezo.music.R$anim: int abc_slide_out_bottom
com.zezo.music.R$anim: int abc_slide_out_top
com.zezo.music.R$attr: int actionBarDivider
com.zezo.music.R$attr: int actionBarItemBackground
com.zezo.music.R$attr: int actionBarPopupTheme
com.zezo.music.R$attr: int actionBarSize
com.zezo.music.R$attr: int actionBarSplitStyle
com.zezo.music.R$attr: int actionBarStyle
com.zezo.music.R$attr: int actionBarTabBarStyle
com.zezo.music.R$attr: int actionBarTabStyle
com.zezo.music.R$attr: int actionBarTabTextStyle
com.zezo.music.R$attr: int actionBarTheme
com.zezo.music.R$attr: int actionBarWidgetTheme
com.zezo.music.R$attr: int actionButtonStyle
com.zezo.music.R$attr: int actionDropDownStyle
com.zezo.music.R$attr: int actionLayout
com.zezo.music.R$attr: int actionMenuTextAppearance
com.zezo.music.R$attr: int actionMenuTextColor
com.zezo.music.R$attr: int actionModeBackground
com.zezo.music.R$attr: int actionModeCloseButtonStyle
com.zezo.music.R$attr: int actionModeCloseDrawable
com.zezo.music.R$attr: int actionModeCopyDrawable
com.zezo.music.R$attr: int actionModeCutDrawable
com.zezo.music.R$attr: int actionModeFindDrawable
com.zezo.music.R$attr: int actionModePasteDrawable
com.zezo.music.R$attr: int actionModePopupWindowStyle
com.zezo.music.R$attr: int actionModeSelectAllDrawable
com.zezo.music.R$attr: int actionModeShareDrawable
com.zezo.music.R$attr: int actionModeSplitBackground
com.zezo.music.R$attr: int actionModeStyle
com.zezo.music.R$attr: int actionModeWebSearchDrawable
com.zezo.music.R$attr: int actionOverflowButtonStyle
com.zezo.music.R$bool: int abc_action_bar_embed_tabs
com.zezo.music.R$bool: int abc_action_bar_embed_tabs_pre_jb
com.zezo.music.R$bool: int abc_action_bar_expanded_action_views_exclusive
com.zezo.music.R$bool: int abc_allow_stacked_button_bar
com.zezo.music.R$bool: int abc_config_actionMenuItemAllCaps
com.zezo.music.R$bool: int abc_config_allowActionMenuItemTextWithIcon
com.zezo.music.R$bool: int abc_config_closeDialogWhenTouchOutside
com.zezo.music.R$bool: int abc_config_showMenuShortcutsWhenKeyboardPresent
...
android.support.v4.widget.SwipeRefreshLayout: void setColorViewAlpha(int)
android.support.v4.widget.SwipeRefreshLayout: void setSize(int)
android.support.v4.widget.SwipeRefreshLayout: void setOnRefreshListener(android.support.v4.widget.SwipeRefreshLayout$OnRefreshListener)
android.support.v4.widget.SwipeRefreshLayout: void setRefreshing(boolean)
android.support.v4.widget.SwipeRefreshLayout: void setAnimationProgress(float)
android.support.v4.widget.SwipeRefreshLayout: void setProgressBackgroundColor(int)
android.support.v4.widget.SwipeRefreshLayout: void setProgressBackgroundColorSchemeResource(int)
android.support.v4.widget.SwipeRefreshLayout: void setProgressBackgroundColorSchemeColor(int)
android.support.v4.widget.SwipeRefreshLayout: void setColorScheme(int[])
android.support.v4.widget.SwipeRefreshLayout: void setColorSchemeResources(int[])
android.support.v4.widget.SwipeRefreshLayout: void setColorSchemeColors(int[])
android.support.v4.widget.SwipeRefreshLayout: void setDistanceToTriggerSync(int)
android.support.v4.widget.SwipeRefreshLayout: int getProgressCircleDiameter()
android.support.v4.widget.SwipeRefreshLayout: int getNestedScrollAxes()
android.support.v4.widget.SwipeRefreshLayout: void setNestedScrollingEnabled(boolean)
android.support.v7.app.AppCompatActivity: AppCompatActivity()
android.support.v7.app.AppCompatActivity: void setContentView(android.view.View)
android.support.v7.app.AppCompatDelegateImplV7$PanelFeatureState$SavedState: android.os.Parcelable$Creator CREATOR
android.support.v7.appcompat.R$anim: int abc_fade_in
android.support.v7.appcompat.R$anim: int abc_fade_out
android.support.v7.appcompat.R$anim: int abc_grow_fade_in_from_bottom
android.support.v7.appcompat.R$anim: int abc_popup_enter
android.support.v7.appcompat.R$anim: int abc_popup_exit
android.support.v7.appcompat.R$anim: int abc_shrink_fade_out_from_bottom
android.support.v7.appcompat.R$anim: int abc_slide_in_bottom
android.support.v7.appcompat.R$anim: int abc_slide_in_top
android.support.v7.appcompat.R$anim: int abc_slide_out_bottom
android.support.v7.appcompat.R$anim: int abc_slide_out_top
android.support.v7.appcompat.R$attr: int actionBarDivider
android.support.v7.appcompat.R$attr: int actionBarItemBackground
android.support.v7.appcompat.R$attr: int actionBarPopupTheme
android.support.v7.appcompat.R$attr: int actionBarSize
android.support.v7.appcompat.R$attr: int actionBarSplitStyle
android.support.v7.appcompat.R$attr: int actionBarStyle
android.support.v7.appcompat.R$attr: int actionBarTabBarStyle
android.support.v7.appcompat.R$attr: int actionBarTabStyle
android.support.v7.appcompat.R$attr: int actionBarTabTextStyle
android.support.v7.appcompat.R$attr: int actionBarTheme
android.support.v7.appcompat.R$attr: int actionBarWidgetTheme
android.support.v7.appcompat.R$attr: int actionButtonStyle
android.support.v7.appcompat.R$attr: int actionDropDownStyle
android.support.v7.appcompat.R$attr: int actionLayout
android.support.v7.appcompat.R$attr: int actionMenuTextAppearance
android.support.v7.appcompat.R$attr: int actionMenuTextColor
android.support.v7.appcompat.R$attr: int actionModeBackground
android.support.v7.appcompat.R$attr: int actionModeCloseButtonStyle
android.support.v7.appcompat.R$attr: int actionModeCloseDrawable
android.support.v7.appcompat.R$attr: int actionModeCopyDrawable
android.support.v7.appcompat.R$attr: int actionModeCutDrawable
android.support.v7.appcompat.R$attr: int actionModeFindDrawable
android.support.v7.appcompat.R$attr: int actionModePasteDrawable
android.support.v7.appcompat.R$attr: int actionModePopupWindowStyle