app/build/outputs/mapping/release/mapping.txt
com.zezo.music.MediaButtonReceiver -> com.zezo.music.MediaButtonReceiver:
    java.util.ArrayList listeners -> a
    void <init>() -> <init>
    void addBroadcastReceiveListener(com.zezo.music.MediaButtonReceiver$MediaButtonReceiverListener) -> a
    void removeBroadcastReceiveListener(com.zezo.music.MediaButtonReceiver$MediaButtonReceiverListener) -> b
    void onReceive(android.content.Context,android.content.Intent) -> onReceive
    void <clinit>() -> <clinit>
com.zezo.music.MediaButtonReceiver$MediaButtonReceiverListener -> com.zezo.music.a:
    void onMediaButtonReceived(int) -> a
com.zezo.music.MusicController -> com.zezo.music.b:
    boolean isMusicBound -> a
    com.zezo.music.MusicService musicService -> b
    void <init>(android.content.Context) -> <init>
    boolean canPause() -> canPause
    boolean canSeekBackward() -> canSeekBackward
    boolean canSeekForward() -> canSeekForward
    int getAudioSessionId() -> getAudioSessionId
    int getBufferPercentage() -> getBufferPercentage
    int getCurrentPosition() -> getCurrentPosition
    int getDuration() -> getDuration
    void hide() -> hide
    void hideSuper() -> a
    void init(com.zezo.music.MusicService) -> a
    boolean isMusicBound() -> b
    boolean isPlaying() -> isPlaying
    void pause() -> pause
    void seekTo(int) -> seekTo
    void setMusicBound(boolean) -> setMusicBound
    void start() -> start
    void playNext() -> c
    void playPrev() -> d
    void access$000(com.zezo.music.MusicController) -> a
    void access$100(com.zezo.music.MusicController) -> b
com.zezo.music.MusicController$1 -> com.zezo.music.c:
    com.zezo.music.MusicController this$0 -> a
    void <init>(com.zezo.music.MusicController) -> <init>
    void onClick(android.view.View) -> onClick
com.zezo.music.MusicController$2 -> com.zezo.music.d:
    com.zezo.music.MusicController this$0 -> a
    void <init>(com.zezo.music.MusicController) -> <init>
    void onClick(android.view.View) -> onClick
com.zezo.music.MusicPlayerActivity -> com.zezo.music.MusicPlayerActivity:
    com.zezo.music.tabs.TabPagerAdapter tabPagerAdapter -> i
    android.support.v4.view.ViewPager viewPager -> j
    android.content.SharedPreferences sharedPreferences -> k
    com.zezo.music.MusicService musicService -> l
    java.util.ArrayList playlist -> m
    android.content.Intent musicServiceIntent -> n
    android.view.Menu optionsMenu -> o
    android.content.ServiceConnection musicServiceConnection -> p
    android.content.BroadcastReceiver onMediaPlayerPlayingReceiver -> q
    void <init>() -> <init>
    void onCreate(android.os.Bundle) -> onCreate
    boolean onCreateOptionsMenu(android.view.Menu) -> onCreateOptionsMenu
    void onNewIntent(android.content.Intent) -> onNewIntent
    java.util.ArrayList getAllSongsInFolder(java.lang.String) -> a
    void initMusicService() -> n
    void onBackPressed() -> onBackPressed
    void onDeleteConfirmed(long) -> a
    void onDestroy() -> onDestroy
    void onOpenContextMenu(android.view.View) -> onOpenContextMenu
    boolean onOptionsItemSelected(android.view.MenuItem) -> onOptionsItemSelected
    void play(com.zezo.music.domain.Song) -> a
    void toggleShuffle() -> o
    void scrollToCurrent(android.view.View) -> scrollToCurrent
    void exit() -> p
    java.util.ArrayList getPlaylist() -> k
    void addToQueue(long) -> b
    void removeFromQueue(long) -> c
    void showDeleteDialog(long) -> d
com.zezo.music.MusicPlayerActivity$1 -> com.zezo.music.e:
    com.zezo.music.MusicPlayerActivity this$0 -> a
    void <init>(com.zezo.music.MusicPlayerActivity) -> <init>
    void onServiceConnected(android.content.ComponentName,android.os.IBinder) -> onServiceConnected
    void onServiceDisconnected(android.content.ComponentName) -> onServiceDisconnected
...
android.support.v4.app.FragmentTransitionCompat21 -> android.support.v4.a.ap:
    java.lang.String getTransitionName(android.view.View) -> a
    java.lang.Object cloneTransition(java.lang.Object) -> a
    java.lang.Object captureExitingViews(java.lang.Object,android.view.View,java.util.ArrayList,java.util.Map,android.view.View) -> a
    void excludeTarget(java.lang.Object,android.view.View,boolean) -> a
    void beginDelayedTransition(android.view.ViewGroup,java.lang.Object) -> a
    void setEpicenter(java.lang.Object,android.view.View) -> a
    java.lang.Object wrapSharedElementTransition(java.lang.Object) -> b
    void addTransitionTargets(java.lang.Object,java.lang.Object,android.view.View,android.support.v4.app.FragmentTransitionCompat21$ViewRetriever,android.view.View,android.support.v4.app.FragmentTransitionCompat21$EpicenterView,java.util.Map,java.util.ArrayList,java.util.Map,java.util.Map,java.util.ArrayList) -> a
    java.lang.Object mergeTransitions(java.lang.Object,java.lang.Object,java.lang.Object,boolean) -> a
    void setSharedElementTargets(java.lang.Object,android.view.View,java.util.Map,java.util.ArrayList) -> a
    void bfsAddViewChildren(java.util.List,android.view.View) -> a
    boolean containedBeforeIndex(java.util.List,android.view.View,int) -> a
    void setSharedElementEpicenter(android.transition.Transition,android.support.v4.app.FragmentTransitionCompat21$EpicenterView) -> a
    android.graphics.Rect getBoundsOnScreen(android.view.View) -> c
android.support.v4.app.FragmentTransitionCompat21$1 -> android.support.v4.a.aq:
    android.graphics.Rect val$epicenter -> a
    void <init>(android.graphics.Rect) -> <init>
    android.graphics.Rect onGetEpicenter(android.transition.Transition) -> onGetEpicenter
android.support.v4.app.FragmentTransitionCompat21$2 -> android.support.v4.a.ar:
    android.view.View val$container -> a
    android.transition.Transition val$enterTransition -> b
    android.view.View val$nonExistentView -> c
    android.support.v4.app.FragmentTransitionCompat21$ViewRetriever val$inFragment -> d
    java.util.Map val$nameOverrides -> e
    java.util.Map val$renamedViews -> f
    java.util.ArrayList val$enteringViews -> g
    void <init>(android.view.View,android.transition.Transition,android.view.View,android.support.v4.app.FragmentTransitionCompat21$ViewRetriever,java.util.Map,java.util.Map,java.util.ArrayList) -> <init>
    boolean onPreDraw() -> onPreDraw
android.support.v4.app.FragmentTransitionCompat21$3 -> android.support.v4.a.as:
    android.graphics.Rect mEpicenter -> b
    android.support.v4.app.FragmentTransitionCompat21$EpicenterView val$epicenterView -> a
    void <init>(android.support.v4.app.FragmentTransitionCompat21$EpicenterView) -> <init>
    android.graphics.Rect onGetEpicenter(android.transition.Transition) -> onGetEpicenter
android.support.v4.app.FragmentTransitionCompat21$4 -> android.support.v4.a.at:
    android.view.View val$sceneRoot -> a
    android.transition.Transition val$enterTransition -> b
    java.util.ArrayList val$enteringViews -> c
    android.transition.Transition val$exitTransition -> d
    java.util.ArrayList val$exitingViews -> e
    android.transition.Transition val$sharedElementTransition -> f
    java.util.ArrayList val$sharedElementTargets -> g
    java.util.Map val$renamedViews -> h
    java.util.ArrayList val$hiddenViews -> i
    android.transition.Transition val$overallTransition -> j
    android.view.View val$nonExistentView -> k
    void <init>(android.view.View,android.transition.Transition,java.util.ArrayList,android.transition.Transition,java.util.ArrayList,android.transition.Transition,java.util.ArrayList,java.util.Map,java.util.ArrayList,android.transition.Transition,android.view.View) -> <init>
    boolean onPreDraw() -> onPreDraw
android.support.v4.app.FragmentTransitionCompat21$EpicenterView -> android.support.v4.a.au:
    android.view.View epicenter -> a
    void <init>() -> <init>