app/build/outputs/mapping/release/usage.txt
com.zezo.music.BuildConfig
com.zezo.music.MusicPlayerActivity:
    public static final java.lang.String PACKAGE_NAME
    public static final java.lang.String KEY_DIRECTORY_SELECTED
    347:348:public void setPlaylist(java.util.ArrayList)
com.zezo.music.MusicService:
    private static final int NOTIFY_ID
    164:164:public com.zezo.music.domain.Song getSongByIndex(int)
    512:513:public void setQueue(java.util.ArrayList)
com.zezo.music.R
com.zezo.music.R$anim
com.zezo.music.R$attr
com.zezo.music.R$bool
com.zezo.music.R$color
com.zezo.music.R$dimen
com.zezo.music.R$drawable
com.zezo.music.R$id
com.zezo.music.R$integer
com.zezo.music.R$layout
com.zezo.music.R$menu
com.zezo.music.R$string
com.zezo.music.R$style
com.zezo.music.R$styleable
com.zezo.music.R$xml
com.zezo.music.tabs.nowplaying.NowPlayingFragment:
    36:38:public void setNowPlayingClickListener(com.zezo.music.tabs.nowplaying.NowPlayingFragment$NowPlayingClickListener)
com.zezo.music.tabs.queue.QueueAdapter:
    67:70:public void addToQueue(com.zezo.music.domain.Song)
    74:77:public void removeFromQueue(com.zezo.music.domain.Song)
    80:80:public java.util.ArrayList getQueue()
com.zezo.music.util.TypefaceSpan
com.zezo.music.util.Util:
    3:3:public Util()
com.zezo.music.util.VoiceRecognitionHelper
com.zezo.music.util.YesNoDialogFragment:
    private static final int REQUEST_CODE
    21:21:public static int getRequestCode()
...
android.support.v7.app.ActionBarDrawerToggle$ToolbarCompatDelegate
android.support.v7.app.ActionBarDrawerToggleHoneycomb
android.support.v7.app.ActionBarDrawerToggleHoneycomb$SetIndicatorInfo
android.support.v7.app.AlertController:
    284:285:public void setButtonPanelLayoutHint(int)
    378:378:public android.widget.ListView getListView()
    382:390:public android.widget.Button getButton(int)
android.support.v7.app.AlertController$AlertParams:
    public boolean mForceInverseBackground
android.support.v7.app.AlertController$ButtonHandler:
    private static final int MSG_DISMISS_DIALOG
android.support.v7.app.AlertDialog:
    static final int LAYOUT_HINT_NONE
    static final int LAYOUT_HINT_SIDE
    78:79:protected AlertDialog(android.content.Context)
    88:89:protected AlertDialog(android.content.Context,int)
    97:101:protected AlertDialog(android.content.Context,boolean,android.content.DialogInterface$OnCancelListener)
    124:124:public android.widget.Button getButton(int)
    133:133:public android.widget.ListView getListView()
    146:147:public void setCustomTitle(android.view.View)
    150:151:public void setMessage(java.lang.CharSequence)
    157:158:public void setView(android.view.View)
    172:173:public void setView(android.view.View,int,int,int,int)
    181:182:void setButtonPanelLayoutHint(int)
    195:196:public void setButton(int,java.lang.CharSequence,android.os.Message)
    209:210:public void setButton(int,java.lang.CharSequence,android.content.DialogInterface$OnClickListener)
    219:220:public void setIcon(int)
    223:224:public void setIcon(android.graphics.drawable.Drawable)
    232:235:public void setIconAttribute(int)
android.support.v7.app.AlertDialog$Builder:
    304:305:public android.support.v7.app.AlertDialog$Builder setTitle(int)
    339:340:public android.support.v7.app.AlertDialog$Builder setMessage(int)
    349:350:public android.support.v7.app.AlertDialog$Builder setMessage(java.lang.CharSequence)
    361:362:public android.support.v7.app.AlertDialog$Builder setIcon(int)
    385:388:public android.support.v7.app.AlertDialog$Builder setIconAttribute(int)
    399:401:public android.support.v7.app.AlertDialog$Builder setPositiveButton(int,android.content.DialogInterface$OnClickListener)
    412:414:public android.support.v7.app.AlertDialog$Builder setPositiveButton(java.lang.CharSequence,android.content.DialogInterface$OnClickListener)
    425:427:public android.support.v7.app.AlertDialog$Builder setNegativeButton(int,android.content.DialogInterface$OnClickListener)
    438:440:public android.support.v7.app.AlertDialog$Builder setNegativeButton(java.lang.CharSequence,android.content.DialogInterface$OnClickListener)
    451:453:public android.support.v7.app.AlertDialog$Builder setNeutralButton(int,android.content.DialogInterface$OnClickListener)
    464:466:public android.support.v7.app.AlertDialog$Builder setNeutralButton(java.lang.CharSequence,android.content.DialogInterface$OnClickListener)
    475:476:public android.support.v7.app.AlertDialog$Builder setCancelable(boolean)
android.support.v7.app.AppCompatActivity:
    99:100:public void setSupportActionBar(android.support.v7.widget.Toolbar)
    186:186:public boolean supportRequestWindowFeature(int)
    237:237:public android.support.v7.view.ActionMode startSupportActionMode(android.support.v7.view.ActionMode$Callback)
    245:245:public void setSupportProgressBarVisibility(boolean)
    252:252:public void setSupportProgressBarIndeterminateVisibility(boolean)
    259:259:public void setSupportProgressBarIndeterminate(boolean)
    266:266:public void setSupportProgress(int)
    426:426:public android.support.v7.app.ActionBarDrawerToggle$Delegate getDrawerToggleDelegate()